
--- NEW SESSION: 25/04/2022 14:03:02 ---
/Needle/mechObject.translation = 4.84 -0.32 2.56
/Needle/mechObject.translation = 5.99 -0.32 2.56

--- NEW SESSION: 25/04/2022 14:08:09 ---
/Needle/mechObject.constraint = 0 1 0 -0.389398 0.92107 0 1.76694 0.747005 -1.5523  
1 1 0 -0.149617 -0.0632531 0.986719 1.78902 2.75759 0.448044  
2 1 0 1.81767 0.768452 0.324876 2.10316 -2.67352 -5.44322  

/Needle/mechObject.constraint = 0 1 0 -0.389398 0.92107 0 1.76694 0.747005 -1.5523  
1 1 0 -0.149617 -0.0632531 0.986719 1.78902 2.75759 0.448044  
2 1 0 1.81767 0.768452 0.324876 2.10316 -2.67352 -5.44322  

/Needle/mechObject.constraint = 0 1 0 -0.389398 0.92107 0 1.76694 0.747005 -1.5523  
1 1 0 -0.149617 -0.0632531 0.986719 1.78902 2.75759 0.448044  
2 1 0 1.81767 0.768452 0.324876 2.10316 -2.67352 -5.44322  

/Needle/mechObject.constraint = 0 1 0 -0.17722 0.984171 0 1.88799 0.339971 -2.12108  
1 1 0 -0.0313909 -0.00565255 0.999491 1.92424 2.56277 0.0749279  
2 1 0 1.96734 0.35426 0.0637914 0.8031 -3.61434 -4.69592  

/Vessel/Visual/Fat.material = Default Diffuse 1 0.698039 0 0 1 Ambient 1 0.137255 0 0 1 Specular 0 0.698039 0 0 1 Emissive 0 0.698039 0 0 1 Shininess 0 45 
/Vessel/Visual/Fat.scale3d = 1000 1000 1000
/Vessel/Visual/Fat.material = Default Diffuse 1 0.698039 0 0 1 Ambient 1 0.137255 0 0 1 Specular 0 0.698039 0 0 1 Emissive 0 0.698039 0 0 1 Shininess 0 45 
/Needle/mechObject.constraint = 0 1 0 0.594676 0.802769 0.0438533 1.6249 -1.031 -3.16133  
1 1 0 -0.32816 0.192576 0.924784 2.15988 2.94503 0.153164  
2 1 0 0.733942 -0.564338 0.377957 -0.35085 -0.461625 -0.0079602  
3 1 0 0.584544 0.810248 0.0424949 1.63662 -1.01497 -3.16044  
4 1 0 -0.317908 0.180534 0.930775 2.14838 2.94036 0.163465  
5 1 0 1.49297 -1.11518 0.726228 -0.733278 -1.04571 -0.098295  

/Needle/mechObject.constraint = 0 1 0 0.594676 0.802769 0.0438533 1.6249 -1.031 -3.16133  
1 1 0 -0.32816 0.192576 0.924784 2.15988 2.94503 0.153164  
2 1 0 0.733942 -0.564338 0.377957 -0.35085 -0.461625 -0.0079602  
3 1 0 0.584544 0.810248 0.0424949 1.63662 -1.01497 -3.16044  
4 1 0 -0.317908 0.180534 0.930775 2.14838 2.94036 0.163465  
5 1 0 2.98594 -2.23036 1.45246 -1.46656 -2.09142 -0.19659  

